<?xml version="1.0" encoding="utf-8"?>
<TestRun id="58d6fec7-6f7e-4f63-8519-19e7cd9db924" name="Admin@ADMIN-PC 2025-11-11 08:03:57" runUser="ADMIN-PC\Admin" xmlns="http://microsoft.com/schemas/VisualStudio/TeamTest/2010">
  <Times creation="2025-11-11T08:03:57.0451412+07:00" queuing="2025-11-11T08:03:57.0451414+07:00" start="2025-11-11T08:03:53.8760739+07:00" finish="2025-11-11T08:03:57.0559305+07:00" />
  <TestSettings name="default" id="0fbf0b5c-edfa-4404-9987-9ac6c41dd139">
    <Deployment runDeploymentRoot="Admin_ADMIN-PC_2025-11-11_08_03_57" />
  </TestSettings>
  <Results>
    <UnitTestResult executionId="92493084-e33a-4191-9e7b-b5e8d4255ff0" testId="d6e5a158-d7e9-0fb2-4263-dd98abeb8269" testName="SkaEV.API.Tests.CapacityCalculatorTests.CalculateCapacityMetrics_AllAvailableSlots_ReturnsAvailableSlots" computerName="ADMIN-PC" duration="00:00:00.0057621" startTime="2025-11-11T08:03:56.8367506+07:00" endTime="2025-11-11T08:03:56.8367507+07:00" testType="13cdc9d9-ddb5-4fa4-a97d-d965ccfc6d4b" outcome="Passed" testListId="8c84fa94-04c1-424b-9868-57a2d4851a1d" relativeResultsDirectory="92493084-e33a-4191-9e7b-b5e8d4255ff0" />
    <UnitTestResult executionId="d2053147-4a29-4775-bf8a-92df38a80200" testId="1f4dff20-70cf-23bc-8ba8-1f2a5a6fb983" testName="SkaEV.API.Tests.CapacityCalculatorTests.CalculateCapacityMetrics_NoSlots_ReturnsZeroes" computerName="ADMIN-PC" duration="00:00:00.0147999" startTime="2025-11-11T08:03:56.8306968+07:00" endTime="2025-11-11T08:03:56.8307319+07:00" testType="13cdc9d9-ddb5-4fa4-a97d-d965ccfc6d4b" outcome="Passed" testListId="8c84fa94-04c1-424b-9868-57a2d4851a1d" relativeResultsDirectory="d2053147-4a29-4775-bf8a-92df38a80200" />
    <UnitTestResult executionId="ea1e635f-b8dd-4c18-89c4-012593d6b7fc" testId="cca0790a-4b65-eab1-6833-1ba360a6e3af" testName="SkaEV.API.Tests.CapacityCalculatorTests.CalculateCapacityMetrics_AllSlotsOccupied_ReturnsZeroAvailable" computerName="ADMIN-PC" duration="00:00:00.0009205" startTime="2025-11-11T08:03:56.8379892+07:00" endTime="2025-11-11T08:03:56.8379894+07:00" testType="13cdc9d9-ddb5-4fa4-a97d-d965ccfc6d4b" outcome="Passed" testListId="8c84fa94-04c1-424b-9868-57a2d4851a1d" relativeResultsDirectory="ea1e635f-b8dd-4c18-89c4-012593d6b7fc" />
  </Results>
  <TestDefinitions>
    <UnitTest name="SkaEV.API.Tests.CapacityCalculatorTests.CalculateCapacityMetrics_AllSlotsOccupied_ReturnsZeroAvailable" storage="d:\term5\swp391\fptu_fa25_swp391_g4_topic3_skaev\skaev.api.tests\bin\debug\net9.0\skaev.api.tests.dll" id="cca0790a-4b65-eab1-6833-1ba360a6e3af">
      <Execution id="ea1e635f-b8dd-4c18-89c4-012593d6b7fc" />
      <TestMethod codeBase="d:\Term5\SWP391\FPTU_FA25_SWP391_G4_Topic3_SkaEV\SkaEV.API.Tests\bin\Debug\net9.0\SkaEV.API.Tests.dll" adapterTypeName="executor://xunit/VsTestRunner2/netcoreapp" className="SkaEV.API.Tests.CapacityCalculatorTests" name="CalculateCapacityMetrics_AllSlotsOccupied_ReturnsZeroAvailable" />
    </UnitTest>
    <UnitTest name="SkaEV.API.Tests.CapacityCalculatorTests.CalculateCapacityMetrics_NoSlots_ReturnsZeroes" storage="d:\term5\swp391\fptu_fa25_swp391_g4_topic3_skaev\skaev.api.tests\bin\debug\net9.0\skaev.api.tests.dll" id="1f4dff20-70cf-23bc-8ba8-1f2a5a6fb983">
      <Execution id="d2053147-4a29-4775-bf8a-92df38a80200" />
      <TestMethod codeBase="d:\Term5\SWP391\FPTU_FA25_SWP391_G4_Topic3_SkaEV\SkaEV.API.Tests\bin\Debug\net9.0\SkaEV.API.Tests.dll" adapterTypeName="executor://xunit/VsTestRunner2/netcoreapp" className="SkaEV.API.Tests.CapacityCalculatorTests" name="CalculateCapacityMetrics_NoSlots_ReturnsZeroes" />
    </UnitTest>
    <UnitTest name="SkaEV.API.Tests.CapacityCalculatorTests.CalculateCapacityMetrics_AllAvailableSlots_ReturnsAvailableSlots" storage="d:\term5\swp391\fptu_fa25_swp391_g4_topic3_skaev\skaev.api.tests\bin\debug\net9.0\skaev.api.tests.dll" id="d6e5a158-d7e9-0fb2-4263-dd98abeb8269">
      <Execution id="92493084-e33a-4191-9e7b-b5e8d4255ff0" />
      <TestMethod codeBase="d:\Term5\SWP391\FPTU_FA25_SWP391_G4_Topic3_SkaEV\SkaEV.API.Tests\bin\Debug\net9.0\SkaEV.API.Tests.dll" adapterTypeName="executor://xunit/VsTestRunner2/netcoreapp" className="SkaEV.API.Tests.CapacityCalculatorTests" name="CalculateCapacityMetrics_AllAvailableSlots_ReturnsAvailableSlots" />
    </UnitTest>
  </TestDefinitions>
  <TestEntries>
    <TestEntry testId="d6e5a158-d7e9-0fb2-4263-dd98abeb8269" executionId="92493084-e33a-4191-9e7b-b5e8d4255ff0" testListId="8c84fa94-04c1-424b-9868-57a2d4851a1d" />
    <TestEntry testId="1f4dff20-70cf-23bc-8ba8-1f2a5a6fb983" executionId="d2053147-4a29-4775-bf8a-92df38a80200" testListId="8c84fa94-04c1-424b-9868-57a2d4851a1d" />
    <TestEntry testId="cca0790a-4b65-eab1-6833-1ba360a6e3af" executionId="ea1e635f-b8dd-4c18-89c4-012593d6b7fc" testListId="8c84fa94-04c1-424b-9868-57a2d4851a1d" />
  </TestEntries>
  <TestLists>
    <TestList name="Results Not in a List" id="8c84fa94-04c1-424b-9868-57a2d4851a1d" />
    <TestList name="All Loaded Results" id="19431567-8539-422a-85d7-44ee4e166bda" />
  </TestLists>
  <ResultSummary outcome="Completed">
    <Counters total="3" executed="3" passed="3" failed="0" error="0" timeout="0" aborted="0" inconclusive="0" passedButRunAborted="0" notRunnable="0" notExecuted="0" disconnected="0" warning="0" completed="0" inProgress="0" pending="0" />
    <Output>
      <StdOut>[xUnit.net 00:00:00.00] xUnit.net VSTest Adapter v2.4.5+1caef2f33e (64-bit .NET 9.0.10)&#xD;
[xUnit.net 00:00:01.71]   Discovering: SkaEV.API.Tests&#xD;
[xUnit.net 00:00:01.76]   Discovered:  SkaEV.API.Tests&#xD;
[xUnit.net 00:00:01.77]   Starting:    SkaEV.API.Tests&#xD;
[xUnit.net 00:00:01.89]   Finished:    SkaEV.API.Tests&#xD;
</StdOut>
    </Output>
  </ResultSummary>
</TestRun>