TN:
SF:src\pages\auth\Login.jsx
FN:26,LoginPage
FN:43,handleInputChange
FN:52,handleSubmit
FN:93,handleGoogleLogin
FN:118,handlePhoneLoginSuccess
FN:143,fillDemoAccount
FN:174,onClick
FN:210,onClick
FN:254,onClick
FN:349,onClick
FN:378,onClick
FN:414,onClose
FNF:12
FNH:10
FNDA:329,LoginPage
FNDA:287,handleInputChange
FNDA:9,handleSubmit
FNDA:4,handleGoogleLogin
FNDA:0,handlePhoneLoginSuccess
FNDA:2,fillDemoAccount
FNDA:1,onClick
FNDA:1,onClick
FNDA:1,onClick
FNDA:2,onClick
FNDA:2,onClick
FNDA:0,onClose
DA:1,1
DA:2,1
DA:3,1
DA:4,1
DA:5,1
DA:6,1
DA:7,1
DA:8,1
DA:9,1
DA:10,1
DA:11,1
DA:12,1
DA:13,1
DA:14,1
DA:15,1
DA:16,1
DA:17,1
DA:18,1
DA:19,1
DA:20,1
DA:21,1
DA:22,1
DA:23,1
DA:24,1
DA:25,1
DA:26,1
DA:27,329
DA:28,329
DA:29,329
DA:30,329
DA:31,329
DA:32,329
DA:33,329
DA:34,329
DA:35,329
DA:36,329
DA:37,329
DA:38,329
DA:39,329
DA:40,329
DA:41,329
DA:42,329
DA:43,329
DA:44,287
DA:45,287
DA:46,287
DA:47,287
DA:48,287
DA:49,287
DA:50,287
DA:51,329
DA:52,329
DA:53,9
DA:54,9
DA:55,9
DA:56,9
DA:57,7
DA:58,7
DA:59,7
DA:60,7
DA:61,7
DA:62,7
DA:63,7
DA:64,7
DA:65,7
DA:66,7
DA:67,7
DA:68,2
DA:69,2
DA:70,7
DA:71,7
DA:72,7
DA:73,7
DA:74,7
DA:75,7
DA:76,7
DA:77,7
DA:78,0
DA:79,0
DA:80,7
DA:81,0
DA:82,0
DA:83,7
DA:84,1
DA:85,1
DA:86,7
DA:87,6
DA:88,7
DA:89,7
DA:90,9
DA:91,329
DA:92,329
DA:93,329
DA:94,4
DA:95,4
DA:96,4
DA:97,4
DA:98,1
DA:99,1
DA:100,1
DA:101,1
DA:102,1
DA:103,1
DA:104,1
DA:105,4
DA:106,2
DA:107,2
DA:108,2
DA:109,1
DA:110,1
DA:111,1
DA:112,1
DA:113,4
DA:114,4
DA:115,4
DA:116,4
DA:117,329
DA:118,329
DA:119,0
DA:120,0
DA:121,329
DA:122,329
DA:123,329
DA:124,329
DA:125,329
DA:126,329
DA:127,329
DA:128,329
DA:129,329
DA:130,329
DA:131,329
DA:132,329
DA:133,329
DA:134,329
DA:135,329
DA:136,329
DA:137,329
DA:138,329
DA:139,329
DA:140,329
DA:141,329
DA:142,329
DA:143,329
DA:144,2
DA:145,2
DA:146,2
DA:147,2
DA:148,2
DA:149,2
DA:150,329
DA:151,329
DA:152,329
DA:153,329
DA:154,329
DA:155,329
DA:156,329
DA:157,329
DA:158,329
DA:159,329
DA:160,329
DA:161,329
DA:162,329
DA:163,329
DA:164,329
DA:165,329
DA:166,329
DA:167,329
DA:168,329
DA:169,329
DA:170,329
DA:171,329
DA:172,329
DA:173,329
DA:174,329
DA:175,329
DA:176,329
DA:177,329
DA:178,329
DA:179,329
DA:180,329
DA:181,329
DA:182,329
DA:183,329
DA:184,329
DA:185,329
DA:186,329
DA:187,329
DA:188,329
DA:189,329
DA:190,329
DA:191,329
DA:192,329
DA:193,329
DA:194,329
DA:195,329
DA:196,329
DA:197,329
DA:198,329
DA:199,329
DA:200,329
DA:201,329
DA:202,329
DA:203,329
DA:204,329
DA:205,329
DA:206,329
DA:207,329
DA:208,329
DA:209,329
DA:210,329
DA:211,329
DA:212,329
DA:213,329
DA:214,329
DA:215,329
DA:216,329
DA:217,329
DA:218,329
DA:219,329
DA:220,329
DA:221,329
DA:222,329
DA:223,329
DA:224,329
DA:225,329
DA:226,329
DA:227,329
DA:228,329
DA:229,329
DA:230,329
DA:231,329
DA:232,329
DA:233,329
DA:234,329
DA:235,329
DA:236,329
DA:237,329
DA:238,329
DA:239,329
DA:240,329
DA:241,329
DA:242,329
DA:243,329
DA:244,329
DA:245,329
DA:246,329
DA:247,329
DA:248,329
DA:249,329
DA:250,329
DA:251,329
DA:252,329
DA:253,329
DA:254,329
DA:255,329
DA:256,329
DA:257,329
DA:258,329
DA:259,329
DA:260,329
DA:261,329
DA:262,329
DA:263,329
DA:264,329
DA:265,329
DA:266,329
DA:267,329
DA:268,0
DA:269,0
DA:270,0
DA:271,329
DA:272,329
DA:273,329
DA:274,329
DA:275,329
DA:276,329
DA:277,329
DA:278,329
DA:279,329
DA:280,329
DA:281,329
DA:282,329
DA:283,329
DA:284,329
DA:285,329
DA:286,329
DA:287,329
DA:288,329
DA:289,329
DA:290,329
DA:291,329
DA:292,329
DA:293,329
DA:294,329
DA:295,329
DA:296,329
DA:297,329
DA:298,329
DA:299,329
DA:300,329
DA:301,329
DA:302,329
DA:303,329
DA:304,329
DA:305,329
DA:306,329
DA:307,329
DA:308,329
DA:309,329
DA:310,329
DA:311,329
DA:312,329
DA:313,329
DA:314,329
DA:315,329
DA:316,329
DA:317,329
DA:318,329
DA:319,329
DA:320,329
DA:321,329
DA:322,329
DA:323,4
DA:324,325
DA:325,325
DA:326,329
DA:327,329
DA:328,329
DA:329,329
DA:330,329
DA:331,329
DA:332,329
DA:333,329
DA:334,329
DA:335,329
DA:336,329
DA:337,329
DA:338,329
DA:339,329
DA:340,329
DA:341,329
DA:342,329
DA:343,329
DA:344,329
DA:345,329
DA:346,329
DA:347,329
DA:348,329
DA:349,329
DA:350,329
DA:351,329
DA:352,329
DA:353,329
DA:354,329
DA:355,329
DA:356,329
DA:357,329
DA:358,329
DA:359,329
DA:360,329
DA:361,329
DA:362,329
DA:363,329
DA:364,329
DA:365,329
DA:366,329
DA:367,329
DA:368,329
DA:369,329
DA:370,329
DA:371,329
DA:372,329
DA:373,329
DA:374,987
DA:375,987
DA:376,987
DA:377,987
DA:378,987
DA:379,987
DA:380,987
DA:381,987
DA:382,987
DA:383,987
DA:384,987
DA:385,987
DA:386,987
DA:387,987
DA:388,987
DA:389,987
DA:390,987
DA:391,987
DA:392,987
DA:393,987
DA:394,987
DA:395,987
DA:396,987
DA:397,987
DA:398,987
DA:399,987
DA:400,987
DA:401,329
DA:402,329
DA:403,329
DA:404,329
DA:405,329
DA:406,329
DA:407,329
DA:408,329
DA:409,329
DA:410,329
DA:411,329
DA:412,329
DA:413,329
DA:414,329
DA:415,329
DA:416,329
DA:417,329
DA:418,329
DA:419,329
DA:420,1
DA:421,1
LF:421
LH:412
BRDA:26,0,0,329
BRDA:245,1,0,1
BRDA:245,2,0,328
BRDA:259,3,0,1
BRDA:259,4,0,328
BRDA:267,5,0,0
BRDA:279,6,0,0
BRDA:282,7,0,0
BRDA:322,8,0,4
BRDA:323,9,0,325
BRDA:329,10,0,325
BRDA:43,11,0,287
BRDA:49,12,0,0
BRDA:45,13,0,287
BRDA:52,14,0,9
BRDA:56,15,0,7
BRDA:60,16,0,0
BRDA:65,17,0,5
BRDA:66,18,0,1
BRDA:66,19,0,4
BRDA:66,20,0,0
BRDA:66,21,0,4
BRDA:66,22,0,0
BRDA:67,23,0,2
BRDA:73,24,0,1
BRDA:77,25,0,0
BRDA:80,26,0,0
BRDA:83,27,0,1
BRDA:86,28,0,6
BRDA:93,29,0,4
BRDA:96,30,0,2
BRDA:97,31,0,1
BRDA:97,32,0,1
BRDA:105,33,0,2
BRDA:108,34,0,1
BRDA:113,35,0,3
BRDA:94,36,0,4
BRDA:114,37,0,4
BRDA:143,38,0,2
BRDA:148,39,0,0
BRDA:174,40,0,1
BRDA:210,41,0,1
BRDA:254,42,0,1
BRDA:349,43,0,2
BRDA:373,44,0,987
BRDA:378,45,0,2
BRF:46
BRH:36
end_of_record
TN:
SF:src\pages\auth\Register.jsx
FN:30,RegisterPage
FN:58,handleInputChange
FN:68,validateForm
FN:94,handleSubmit
FN:137,handleGoogleRegister
FN:152,handlePhoneRegister
FN:153,handlePhoneOTPSuccess
FN:193,onClick
FN:314,onClick
FN:338,onClick
FN:401,onClick
FN:418,onClose
FNF:12
FNH:4
FNDA:175,RegisterPage
FNDA:165,handleInputChange
FNDA:3,validateForm
FNDA:3,handleSubmit
FNDA:0,handleGoogleRegister
FNDA:0,handlePhoneRegister
FNDA:0,handlePhoneOTPSuccess
FNDA:0,onClick
FNDA:0,onClick
FNDA:0,onClick
FNDA:0,onClick
FNDA:0,onClose
DA:1,1
DA:2,1
DA:3,1
DA:4,1
DA:5,1
DA:6,1
DA:7,1
DA:8,1
DA:9,1
DA:10,1
DA:11,1
DA:12,1
DA:13,1
DA:14,1
DA:15,1
DA:16,1
DA:17,1
DA:18,1
DA:19,1
DA:20,1
DA:21,1
DA:22,1
DA:23,1
DA:24,1
DA:25,1
DA:26,1
DA:27,1
DA:28,1
DA:29,1
DA:30,1
DA:31,175
DA:32,175
DA:33,175
DA:34,175
DA:35,175
DA:36,175
DA:37,175
DA:38,175
DA:39,175
DA:40,175
DA:41,175
DA:42,175
DA:43,175
DA:44,175
DA:45,175
DA:46,175
DA:47,175
DA:48,175
DA:49,175
DA:50,175
DA:51,175
DA:52,175
DA:53,175
DA:54,175
DA:55,175
DA:56,175
DA:57,175
DA:58,175
DA:59,165
DA:60,165
DA:61,165
DA:62,165
DA:63,165
DA:64,165
DA:65,165
DA:66,165
DA:67,175
DA:68,175
DA:69,3
DA:70,3
DA:71,3
DA:72,3
DA:73,3
DA:74,3
DA:75,3
DA:76,3
DA:77,3
DA:78,3
DA:79,3
DA:80,3
DA:81,3
DA:82,3
DA:83,3
DA:84,3
DA:85,3
DA:86,3
DA:87,3
DA:88,3
DA:89,3
DA:90,3
DA:91,3
DA:92,3
DA:93,175
DA:94,175
DA:95,3
DA:96,3
DA:97,3
DA:98,3
DA:99,3
DA:100,3
DA:101,3
DA:102,3
DA:103,3
DA:104,3
DA:105,3
DA:106,3
DA:107,3
DA:108,3
DA:109,3
DA:110,3
DA:111,1
DA:112,1
DA:113,1
DA:114,1
DA:115,1
DA:116,1
DA:117,0
DA:118,1
DA:119,1
DA:120,1
DA:121,1
DA:122,1
DA:123,2
DA:124,2
DA:125,2
DA:126,2
DA:127,1
DA:128,1
DA:129,1
DA:130,1
DA:131,1
DA:132,3
DA:133,0
DA:134,0
DA:135,3
DA:136,175
DA:137,175
DA:138,0
DA:139,0
DA:140,0
DA:141,0
DA:142,0
DA:143,0
DA:144,0
DA:145,0
DA:146,0
DA:147,0
DA:148,0
DA:149,0
DA:150,0
DA:151,175
DA:152,175
DA:153,175
DA:154,0
DA:155,0
DA:156,0
DA:157,0
DA:158,0
DA:159,0
DA:160,0
DA:161,0
DA:162,0
DA:163,0
DA:164,0
DA:165,0
DA:166,0
DA:167,0
DA:168,0
DA:169,175
DA:170,175
DA:171,175
DA:172,175
DA:173,175
DA:174,175
DA:175,175
DA:176,175
DA:177,175
DA:178,175
DA:179,175
DA:180,175
DA:181,175
DA:182,175
DA:183,175
DA:184,175
DA:185,175
DA:186,175
DA:187,175
DA:188,175
DA:189,175
DA:190,175
DA:191,175
DA:192,175
DA:193,175
DA:194,175
DA:195,175
DA:196,175
DA:197,175
DA:198,175
DA:199,175
DA:200,175
DA:201,175
DA:202,175
DA:203,175
DA:204,175
DA:205,175
DA:206,175
DA:207,175
DA:208,175
DA:209,175
DA:210,175
DA:211,175
DA:212,175
DA:213,175
DA:214,175
DA:215,175
DA:216,175
DA:217,175
DA:218,175
DA:219,175
DA:220,175
DA:221,175
DA:222,175
DA:223,175
DA:224,175
DA:225,175
DA:226,175
DA:227,175
DA:228,175
DA:229,0
DA:230,0
DA:231,0
DA:232,175
DA:233,175
DA:234,175
DA:235,1
DA:236,1
DA:237,1
DA:238,1
DA:239,1
DA:240,1
DA:241,1
DA:242,1
DA:243,1
DA:244,1
DA:245,1
DA:246,1
DA:247,1
DA:248,175
DA:249,175
DA:250,175
DA:251,175
DA:252,175
DA:253,175
DA:254,175
DA:255,175
DA:256,175
DA:257,175
DA:258,175
DA:259,175
DA:260,175
DA:261,175
DA:262,175
DA:263,175
DA:264,175
DA:265,175
DA:266,175
DA:267,175
DA:268,175
DA:269,175
DA:270,175
DA:271,175
DA:272,175
DA:273,175
DA:274,175
DA:275,175
DA:276,175
DA:277,175
DA:278,175
DA:279,175
DA:280,175
DA:281,175
DA:282,175
DA:283,175
DA:284,175
DA:285,175
DA:286,175
DA:287,175
DA:288,175
DA:289,175
DA:290,175
DA:291,175
DA:292,175
DA:293,175
DA:294,175
DA:295,175
DA:296,175
DA:297,175
DA:298,175
DA:299,175
DA:300,175
DA:301,175
DA:302,175
DA:303,175
DA:304,175
DA:305,175
DA:306,175
DA:307,175
DA:308,175
DA:309,175
DA:310,175
DA:311,175
DA:312,175
DA:313,175
DA:314,175
DA:315,175
DA:316,175
DA:317,175
DA:318,175
DA:319,175
DA:320,175
DA:321,175
DA:322,175
DA:323,175
DA:324,175
DA:325,175
DA:326,175
DA:327,175
DA:328,175
DA:329,175
DA:330,175
DA:331,175
DA:332,175
DA:333,175
DA:334,175
DA:335,175
DA:336,175
DA:337,175
DA:338,175
DA:339,0
DA:340,175
DA:341,175
DA:342,175
DA:343,175
DA:344,0
DA:345,175
DA:346,175
DA:347,175
DA:348,175
DA:349,175
DA:350,175
DA:351,175
DA:352,175
DA:353,175
DA:354,175
DA:355,175
DA:356,175
DA:357,175
DA:358,175
DA:359,175
DA:360,175
DA:361,175
DA:362,175
DA:363,175
DA:364,175
DA:365,175
DA:366,175
DA:367,175
DA:368,175
DA:369,175
DA:370,175
DA:371,175
DA:372,175
DA:373,175
DA:374,0
DA:375,0
DA:376,0
DA:377,0
DA:378,0
DA:379,0
DA:380,0
DA:381,175
DA:382,175
DA:383,175
DA:384,175
DA:385,175
DA:386,175
DA:387,175
DA:388,175
DA:389,175
DA:390,175
DA:391,175
DA:392,175
DA:393,175
DA:394,175
DA:395,175
DA:396,175
DA:397,175
DA:398,175
DA:399,175
DA:400,175
DA:401,175
DA:402,175
DA:403,175
DA:404,175
DA:405,175
DA:406,175
DA:407,175
DA:408,175
DA:409,175
DA:410,175
DA:411,175
DA:412,175
DA:413,175
DA:414,175
DA:415,175
DA:416,175
DA:417,175
DA:418,175
DA:419,175
DA:420,175
DA:421,175
DA:422,175
DA:423,175
DA:424,1
DA:425,1
LF:425
LH:382
BRDA:30,0,0,175
BRDA:228,1,0,0
BRDA:234,2,0,1
BRDA:303,3,0,0
BRDA:317,4,0,0
BRDA:327,5,0,0
BRDA:343,6,0,0
BRDA:373,7,0,0
BRDA:390,8,0,0
BRDA:394,9,0,0
BRDA:58,10,0,165
BRDA:64,11,0,0
BRDA:65,12,0,0
BRDA:60,13,0,165
BRDA:62,14,0,3
BRDA:62,15,0,162
BRDA:68,16,0,3
BRDA:71,17,0,0
BRDA:72,18,0,0
BRDA:73,19,0,0
BRDA:75,20,0,0
BRDA:76,21,0,0
BRDA:78,22,0,0
BRDA:80,23,0,0
BRDA:82,24,0,0
BRDA:84,25,0,0
BRDA:86,26,0,0
BRDA:88,27,0,0
BRDA:94,28,0,3
BRDA:96,29,0,0
BRDA:110,30,0,1
BRDA:116,31,0,0
BRDA:132,32,0,0
BRDA:122,33,0,2
BRDA:126,34,0,1
BRF:35
BRH:11
end_of_record
TN:
SF:src\store\authStore.js
FN:7,__vite_ssr_import_0__.create.__vite_ssr_import_1__.persist.name
FN:15,login
FN:59,register
FN:98,socialRegister
FN:128,logout
FN:150,clearError
FN:154,updateProfile
FN:167,isAdmin
FN:168,isStaff
FN:169,isCustomer
FN:175,getItem
FN:179,setItem
FN:182,removeItem
FN:186,partialize
FNF:14
FNH:12
FNDA:1,__vite_ssr_import_0__.create.__vite_ssr_import_1__.persist.name
FNDA:5,login
FNDA:1,register
FNDA:0,socialRegister
FNDA:10,logout
FNDA:1,clearError
FNDA:1,updateProfile
FNDA:1,isAdmin
FNDA:1,isStaff
FNDA:1,isCustomer
FNDA:1,getItem
FNDA:34,setItem
FNDA:0,removeItem
FNDA:34,partialize
DA:1,1
DA:2,1
DA:3,1
DA:4,1
DA:5,1
DA:6,1
DA:7,1
DA:8,1
DA:9,1
DA:10,1
DA:11,1
DA:12,1
DA:13,1
DA:14,1
DA:15,1
DA:16,5
DA:17,5
DA:18,5
DA:19,5
DA:20,5
DA:21,3
DA:22,3
DA:23,3
DA:24,3
DA:25,3
DA:26,3
DA:27,3
DA:28,3
DA:29,3
DA:30,3
DA:31,3
DA:32,5
DA:33,1
DA:34,1
DA:35,3
DA:36,3
DA:37,3
DA:38,3
DA:39,3
DA:40,3
DA:41,3
DA:42,3
DA:43,3
DA:44,3
DA:45,3
DA:46,3
DA:47,3
DA:48,3
DA:49,5
DA:50,2
DA:51,2
DA:52,2
DA:53,2
DA:54,2
DA:55,2
DA:56,2
DA:57,1
DA:58,1
DA:59,1
DA:60,1
DA:61,1
DA:62,1
DA:63,1
DA:64,1
DA:65,1
DA:66,1
DA:67,1
DA:68,1
DA:69,1
DA:70,1
DA:71,1
DA:72,1
DA:73,1
DA:74,1
DA:75,1
DA:76,1
DA:77,1
DA:78,1
DA:79,1
DA:80,1
DA:81,1
DA:82,1
DA:83,1
DA:84,1
DA:85,1
DA:86,1
DA:87,1
DA:88,1
DA:89,0
DA:90,0
DA:91,1
DA:92,0
DA:93,0
DA:94,0
DA:95,0
DA:96,1
DA:97,1
DA:98,1
DA:99,0
DA:100,0
DA:101,0
DA:102,0
DA:103,0
DA:104,0
DA:105,0
DA:106,0
DA:107,0
DA:108,0
DA:109,0
DA:110,0
DA:111,0
DA:112,0
DA:113,0
DA:114,0
DA:115,0
DA:116,0
DA:117,0
DA:118,0
DA:119,0
DA:120,0
DA:121,0
DA:122,0
DA:123,0
DA:124,0
DA:125,0
DA:126,1
DA:127,1
DA:128,1
DA:129,10
DA:130,10
DA:131,10
DA:132,10
DA:133,10
DA:134,0
DA:135,0
DA:136,10
DA:137,10
DA:138,10
DA:139,10
DA:140,10
DA:141,10
DA:142,10
DA:143,10
DA:144,10
DA:145,10
DA:146,10
DA:147,10
DA:148,1
DA:149,1
DA:150,1
DA:151,1
DA:152,1
DA:153,1
DA:154,1
DA:155,1
DA:156,1
DA:157,1
DA:158,1
DA:159,1
DA:160,1
DA:161,1
DA:162,1
DA:163,1
DA:164,1
DA:165,1
DA:166,1
DA:167,1
DA:168,1
DA:169,1
DA:170,1
DA:171,1
DA:172,1
DA:173,1
DA:174,1
DA:175,1
DA:176,1
DA:177,1
DA:178,1
DA:179,1
DA:180,34
DA:181,1
DA:182,1
DA:183,0
DA:184,1
DA:185,1
DA:186,1
DA:187,34
DA:188,34
DA:189,1
DA:190,1
DA:191,1
DA:192,1
DA:193,1
DA:194,1
LF:194
LH:158
BRDA:7,0,0,1
BRDA:15,1,0,5
BRDA:21,2,0,3
BRDA:32,3,0,1
BRDA:35,4,0,3
BRDA:49,5,0,2
BRDA:51,6,0,1
BRDA:51,7,0,1
BRDA:52,8,0,0
BRDA:59,9,0,1
BRDA:88,10,0,0
BRDA:91,11,0,0
BRDA:128,12,0,10
BRDA:133,13,0,0
BRDA:150,14,0,1
BRDA:154,15,0,1
BRDA:167,16,0,1
BRDA:168,17,0,1
BRDA:169,18,0,1
BRDA:175,19,0,1
BRDA:177,20,0,0
BRDA:179,21,0,34
BRDA:186,22,0,34
BRF:23
BRH:18
end_of_record
TN:
SF:src\store\bookingStore.js
FN:5,normalizeTimestamp
FN:11,calculateDurationMinutes
FN:19,addMinutes
FN:27,mapApiBookingToStore
FN:103,__vite_ssr_import_0__.create.__vite_ssr_import_1__.persist.name
FN:114,fetchBookings
FN:143,createBooking
FN:290,updateBookingStatus
FN:324,cancelBooking
FN:347,completeBooking
FN:395,scanQRCode
FN:417,startCharging
FN:458,updateSOC
FN:471,initializeSOCTracking
FN:487,updateChargingProgress
FN:545,getSOCProgress
FN:550,getChargingSession
FN:554,stopCharging
FN:569,getCurrentBooking
FN:579,getBookingsByStatus
FN:584,getUpcomingBookings
FN:602,getScheduledBookings
FN:609,getPastBookings
FN:619,clearCurrentBooking
FN:624,resetFlowState
FN:633,setLoading
FN:637,setError
FN:641,clearError
FN:646,getBookingStats
FN:704,partialize
FNF:30
FNH:18
FNDA:10,normalizeTimestamp
FNDA:2,calculateDurationMinutes
FNDA:0,addMinutes
FNDA:2,mapApiBookingToStore
FNDA:1,__vite_ssr_import_0__.create.__vite_ssr_import_1__.persist.name
FNDA:3,fetchBookings
FNDA:4,createBooking
FNDA:12,updateBookingStatus
FNDA:2,cancelBooking
FNDA:1,completeBooking
FNDA:1,scanQRCode
FNDA:4,startCharging
FNDA:0,updateSOC
FNDA:2,initializeSOCTracking
FNDA:3,updateChargingProgress
FNDA:0,getSOCProgress
FNDA:0,getChargingSession
FNDA:2,stopCharging
FNDA:1,getCurrentBooking
FNDA:0,getBookingsByStatus
FNDA:0,getUpcomingBookings
FNDA:1,getScheduledBookings
FNDA:0,getPastBookings
FNDA:0,clearCurrentBooking
FNDA:0,resetFlowState
FNDA:0,setLoading
FNDA:0,setError
FNDA:1,clearError
FNDA:0,getBookingStats
FNDA:39,partialize
DA:1,1
DA:2,1
DA:3,1
DA:4,1
DA:5,1
DA:6,10
DA:7,10
DA:8,10
DA:9,10
DA:10,1
DA:11,1
DA:12,2
DA:13,0
DA:14,0
DA:15,2
DA:16,0
DA:17,0
DA:18,1
DA:19,1
DA:20,0
DA:21,0
DA:22,0
DA:23,0
DA:24,0
DA:25,0
DA:26,1
DA:27,1
DA:28,2
DA:29,2
DA:30,2
DA:31,2
DA:32,2
DA:33,2
DA:34,2
DA:35,2
DA:36,2
DA:37,2
DA:38,2
DA:39,2
DA:40,2
DA:41,2
DA:42,2
DA:43,2
DA:44,2
DA:45,2
DA:46,2
DA:47,2
DA:48,2
DA:49,2
DA:50,2
DA:51,2
DA:52,2
DA:53,2
DA:54,2
DA:55,2
DA:56,2
DA:57,2
DA:58,2
DA:59,2
DA:60,2
DA:61,2
DA:62,2
DA:63,2
DA:64,2
DA:65,2
DA:66,2
DA:67,2
DA:68,2
DA:69,2
DA:70,2
DA:71,2
DA:72,2
DA:73,2
DA:74,2
DA:75,2
DA:76,2
DA:77,2
DA:78,2
DA:79,2
DA:80,2
DA:81,2
DA:82,2
DA:83,2
DA:84,2
DA:85,2
DA:86,2
DA:87,2
DA:88,2
DA:89,2
DA:90,2
DA:91,2
DA:92,2
DA:93,2
DA:94,2
DA:95,2
DA:96,2
DA:97,2
DA:98,2
DA:99,2
DA:100,1
DA:101,1
DA:102,1
DA:103,1
DA:104,1
DA:105,1
DA:106,1
DA:107,1
DA:108,1
DA:109,1
DA:110,1
DA:111,1
DA:112,1
DA:113,1
DA:114,1
DA:115,3
DA:116,3
DA:117,3
DA:118,3
DA:119,3
DA:120,3
DA:121,3
DA:122,3
DA:123,1
DA:124,1
DA:125,1
DA:126,3
DA:127,3
DA:128,3
DA:129,3
DA:130,3
DA:131,3
DA:132,3
DA:133,3
DA:134,3
DA:135,3
DA:136,1
DA:137,1
DA:138,1
DA:139,1
DA:140,1
DA:141,1
DA:142,1
DA:143,1
DA:144,4
DA:145,4
DA:146,4
DA:147,4
DA:148,4
DA:149,4
DA:150,4
DA:151,4
DA:152,4
DA:153,4
DA:154,4
DA:155,4
DA:156,4
DA:157,4
DA:158,4
DA:159,4
DA:160,3
DA:161,3
DA:162,3
DA:163,3
DA:164,3
DA:165,4
DA:166,4
DA:167,4
DA:168,3
DA:169,3
DA:170,3
DA:171,3
DA:172,4
DA:173,4
DA:174,4
DA:175,3
DA:176,3
DA:177,3
DA:178,4
DA:179,4
DA:180,4
DA:181,4
DA:182,4
DA:183,4
DA:184,4
DA:185,4
DA:186,4
DA:187,4
DA:188,4
DA:189,4
DA:190,4
DA:191,4
DA:192,4
DA:193,4
DA:194,4
DA:195,4
DA:196,4
DA:197,4
DA:198,4
DA:199,4
DA:200,4
DA:201,4
DA:202,4
DA:203,4
DA:204,4
DA:205,4
DA:206,4
DA:207,4
DA:208,4
DA:209,4
DA:210,4
DA:211,4
DA:212,0
DA:213,4
DA:214,4
DA:215,4
DA:216,4
DA:217,3
DA:218,3
DA:219,3
DA:220,0
DA:221,0
DA:222,0
DA:223,3
DA:224,4
DA:225,4
DA:226,4
DA:227,4
DA:228,4
DA:229,4
DA:230,4
DA:231,4
DA:232,4
DA:233,4
DA:234,4
DA:235,4
DA:236,4
DA:237,4
DA:238,4
DA:239,4
DA:240,4
DA:241,4
DA:242,4
DA:243,4
DA:244,4
DA:245,2
DA:246,2
DA:247,2
DA:248,2
DA:249,2
DA:250,4
DA:251,4
DA:252,4
DA:253,4
DA:254,4
DA:255,4
DA:256,4
DA:257,4
DA:258,4
DA:259,2
DA:260,2
DA:261,2
DA:262,2
DA:263,2
DA:264,2
DA:265,2
DA:266,4
DA:267,4
DA:268,4
DA:269,4
DA:270,4
DA:271,4
DA:272,4
DA:273,4
DA:274,4
DA:275,4
DA:276,4
DA:277,4
DA:278,4
DA:279,4
DA:280,4
DA:281,4
DA:282,4
DA:283,4
DA:284,4
DA:285,4
DA:286,4
DA:287,4
DA:288,1
DA:289,1
DA:290,1
DA:291,12
DA:292,12
DA:293,16
DA:294,16
DA:295,8
DA:296,8
DA:297,8
DA:298,8
DA:299,8
DA:300,16
DA:301,12
DA:302,12
DA:303,43
DA:304,43
DA:305,0
DA:306,0
DA:307,0
DA:308,0
DA:309,0
DA:310,43
DA:311,12
DA:312,12
DA:313,12
DA:314,12
DA:315,1
DA:316,1
DA:317,1
DA:318,1
DA:319,1
DA:320,12
DA:321,12
DA:322,1
DA:323,1
DA:324,1
DA:325,2
DA:326,2
DA:327,2
DA:328,2
DA:329,2
DA:330,1
DA:331,1
DA:332,1
DA:333,1
DA:334,1
DA:335,1
DA:336,1
DA:337,1
DA:338,1
DA:339,1
DA:340,1
DA:341,1
DA:342,1
DA:343,1
DA:344,1
DA:345,1
DA:346,1
DA:347,1
DA:348,1
DA:349,1
DA:350,1
DA:351,1
DA:352,1
DA:353,1
DA:354,1
DA:355,1
DA:356,0
DA:357,0
DA:358,0
DA:359,0
DA:360,0
DA:361,0
DA:362,0
DA:363,0
DA:364,0
DA:365,0
DA:366,0
DA:367,0
DA:368,0
DA:369,0
DA:370,0
DA:371,0
DA:372,0
DA:373,0
DA:374,1
DA:375,0
DA:376,0
DA:377,1
DA:378,1
DA:379,1
DA:380,1
DA:381,1
DA:382,1
DA:383,1
DA:384,0
DA:385,0
DA:386,0
DA:387,0
DA:388,0
DA:389,0
DA:390,0
DA:391,0
DA:392,1
DA:393,1
DA:394,1
DA:395,1
DA:396,1
DA:397,1
DA:398,1
DA:399,1
DA:400,0
DA:401,0
DA:402,1
DA:403,1
DA:404,0
DA:405,0
DA:406,1
DA:407,1
DA:408,1
DA:409,1
DA:410,1
DA:411,1
DA:412,1
DA:413,1
DA:414,1
DA:415,1
DA:416,1
DA:417,1
DA:418,4
DA:419,4
DA:420,4
DA:421,4
DA:422,4
DA:423,3
DA:424,3
DA:425,1
DA:426,1
DA:427,1
DA:428,1
DA:429,1
DA:430,1
DA:431,1
DA:432,1
DA:433,1
DA:434,1
DA:435,1
DA:436,1
DA:437,1
DA:438,1
DA:439,1
DA:440,1
DA:441,1
DA:442,1
DA:443,1
DA:444,1
DA:445,1
DA:446,1
DA:447,1
DA:448,1
DA:449,1
DA:450,1
DA:451,4
DA:452,3
DA:453,3
DA:454,3
DA:455,1
DA:456,1
DA:457,1
DA:458,1
DA:459,0
DA:460,0
DA:461,0
DA:462,0
DA:463,0
DA:464,0
DA:465,0
DA:466,0
DA:467,0
DA:468,0
DA:469,1
DA:470,1
DA:471,1
DA:472,2
DA:473,2
DA:474,2
DA:475,2
DA:476,2
DA:477,2
DA:478,2
DA:479,2
DA:480,2
DA:481,2
DA:482,2
DA:483,2
DA:484,2
DA:485,1
DA:486,1
DA:487,1
DA:488,3
DA:489,3
DA:490,3
DA:491,3
DA:492,3
DA:493,3
DA:494,3
DA:495,3
DA:496,3
DA:497,3
DA:498,3
DA:499,3
DA:500,3
DA:501,3
DA:502,2
DA:503,2
DA:504,2
DA:505,2
DA:506,2
DA:507,2
DA:508,3
DA:509,3
DA:510,3
DA:511,3
DA:512,3
DA:513,3
DA:514,3
DA:515,3
DA:516,3
DA:517,3
DA:518,3
DA:519,3
DA:520,3
DA:521,3
DA:522,3
DA:523,0
DA:524,0
DA:525,0
DA:526,0
DA:527,0
DA:528,0
DA:529,0
DA:530,0
DA:531,0
DA:532,3
DA:533,3
DA:534,3
DA:535,3
DA:536,3
DA:537,3
DA:538,3
DA:539,3
DA:540,3
DA:541,3
DA:542,3
DA:543,1
DA:544,1
DA:545,1
DA:546,0
DA:547,0
DA:548,1
DA:549,1
DA:550,1
DA:551,0
DA:552,1
DA:553,1
DA:554,1
DA:555,2
DA:556,2
DA:557,2
DA:558,2
DA:559,2
DA:560,2
DA:561,2
DA:562,2
DA:563,2
DA:564,2
DA:565,2
DA:566,2
DA:567,1
DA:568,1
DA:569,1
DA:570,1
DA:571,1
DA:572,1
DA:573,3
DA:574,3
DA:575,0
DA:576,1
DA:577,1
DA:578,1
DA:579,1
DA:580,0
DA:581,0
DA:582,1
DA:583,1
DA:584,1
DA:585,0
DA:586,0
DA:587,0
DA:588,0
DA:589,0
DA:590,0
DA:591,0
DA:592,0
DA:593,0
DA:594,0
DA:595,0
DA:596,0
DA:597,0
DA:598,0
DA:599,0
DA:600,1
DA:601,1
DA:602,1
DA:603,1
DA:604,1
DA:605,1
DA:606,1
DA:607,1
DA:608,1
DA:609,1
DA:610,0
DA:611,0
DA:612,0
DA:613,0
DA:614,0
DA:615,0
DA:616,0
DA:617,1
DA:618,1
DA:619,1
DA:620,0
DA:621,1
DA:622,1
DA:623,1
DA:624,1
DA:625,0
DA:626,0
DA:627,0
DA:628,0
DA:629,0
DA:630,0
DA:631,1
DA:632,1
DA:633,1
DA:634,0
DA:635,1
DA:636,1
DA:637,1
DA:638,0
DA:639,1
DA:640,1
DA:641,1
DA:642,1
DA:643,1
DA:644,1
DA:645,1
DA:646,1
DA:647,0
DA:648,0
DA:649,0
DA:650,0
DA:651,0
DA:652,0
DA:653,0
DA:654,0
DA:655,0
DA:656,0
DA:657,0
DA:658,0
DA:659,0
DA:660,0
DA:661,0
DA:662,0
DA:663,0
DA:664,0
DA:665,0
DA:666,0
DA:667,0
DA:668,0
DA:669,0
DA:670,0
DA:671,0
DA:672,0
DA:673,0
DA:674,0
DA:675,0
DA:676,0
DA:677,0
DA:678,0
DA:679,0
DA:680,0
DA:681,0
DA:682,0
DA:683,0
DA:684,0
DA:685,0
DA:686,0
DA:687,0
DA:688,0
DA:689,0
DA:690,0
DA:691,0
DA:692,0
DA:693,0
DA:694,0
DA:695,0
DA:696,0
DA:697,0
DA:698,0
DA:699,0
DA:700,1
DA:701,1
DA:702,1
DA:703,1
DA:704,1
DA:705,39
DA:706,39
DA:707,39
DA:708,1
DA:709,1
DA:710,1
DA:711,1
DA:712,1
DA:713,1
LF:713
LH:553
BRDA:5,0,0,10
BRDA:6,1,0,8
BRDA:7,2,0,2
BRDA:7,3,0,0
BRDA:7,4,0,2
BRDA:8,5,0,0
BRDA:8,6,0,2
BRDA:11,7,0,2
BRDA:12,8,0,0
BRDA:13,9,0,0
BRDA:15,10,0,0
BRDA:15,11,0,0
BRDA:27,12,0,2
BRDA:39,13,0,0
BRDA:61,14,0,0
BRDA:69,15,0,0
BRDA:103,16,0,1
BRDA:114,17,0,3
BRDA:118,18,0,2
BRDA:118,19,0,2
BRDA:118,20,0,0
BRDA:135,21,0,1
BRDA:136,22,0,0
BRDA:122,23,0,1
BRDA:123,24,0,0
BRDA:124,25,0,0
BRDA:143,26,0,4
BRDA:149,27,0,0
BRDA:159,28,0,3
BRDA:165,29,0,1
BRDA:167,30,0,3
BRDA:172,31,0,1
BRDA:174,32,0,3
BRDA:178,33,0,1
BRDA:183,34,0,0
BRDA:193,35,0,1
BRDA:193,36,0,3
BRDA:197,37,0,1
BRDA:198,38,0,3
BRDA:209,39,0,3
BRDA:211,40,0,3
BRDA:211,41,0,0
BRDA:216,42,0,3
BRDA:216,43,0,3
BRDA:219,44,0,0
BRDA:227,45,0,1
BRDA:231,46,0,3
BRDA:233,47,0,3
BRDA:238,48,0,1
BRDA:239,49,0,3
BRDA:245,50,0,2
BRDA:250,51,0,0
BRDA:252,52,0,0
BRDA:253,53,0,0
BRDA:254,54,0,2
BRDA:258,55,0,2
BRDA:261,56,0,0
BRDA:269,57,0,4
BRDA:290,58,0,12
BRDA:291,59,0,12
BRDA:314,60,0,1
BRDA:320,61,0,11
BRDA:292,62,0,16
BRDA:294,63,0,8
BRDA:300,64,0,8
BRDA:302,65,0,43
BRDA:304,66,0,0
BRDA:324,67,0,2
BRDA:330,68,0,1
BRDA:326,69,0,2
BRDA:347,70,0,1
BRDA:355,71,0,0
BRDA:355,72,0,0
BRDA:355,73,0,0
BRDA:374,74,0,0
BRDA:374,75,0,0
BRDA:383,76,0,0
BRDA:349,77,0,2
BRDA:395,78,0,1
BRDA:399,79,0,0
BRDA:403,80,0,0
BRDA:403,81,0,0
BRDA:397,82,0,1
BRDA:417,83,0,4
BRDA:422,84,0,2
BRDA:422,85,0,3
BRDA:425,86,0,1
BRDA:451,87,0,3
BRDA:420,88,0,6
BRDA:441,89,0,1
BRDA:471,90,0,2
BRDA:472,91,0,2
BRDA:487,92,0,3
BRDA:501,93,0,2
BRDA:501,94,0,2
BRDA:501,95,0,2
BRDA:509,96,0,3
BRDA:521,97,0,0
BRDA:522,98,0,0
BRDA:554,99,0,2
BRDA:556,100,0,0
BRDA:558,101,0,2
BRDA:569,102,0,1
BRDA:572,103,0,3
BRDA:573,104,0,0
BRDA:574,105,0,0
BRDA:602,106,0,1
BRDA:605,107,0,3
BRDA:641,108,0,1
BRDA:704,109,0,39
BRF:110
BRH:74
end_of_record
TN:
SF:src\utils\vietnameseTexts.js
FN:386,getText
FN:402,formatText
FNF:2
FNH:0
FNDA:0,getText
FNDA:0,formatText
DA:1,1
DA:2,1
DA:3,1
DA:4,1
DA:5,1
DA:6,1
DA:7,1
DA:8,1
DA:9,1
DA:10,1
DA:11,1
DA:12,1
DA:13,1
DA:14,1
DA:15,1
DA:16,1
DA:17,1
DA:18,1
DA:19,1
DA:20,1
DA:21,1
DA:22,1
DA:23,1
DA:24,1
DA:25,1
DA:26,1
DA:27,1
DA:28,1
DA:29,1
DA:30,1
DA:31,1
DA:32,1
DA:33,1
DA:34,1
DA:35,1
DA:36,1
DA:37,1
DA:38,1
DA:39,1
DA:40,1
DA:41,1
DA:42,1
DA:43,1
DA:44,1
DA:45,1
DA:46,1
DA:47,1
DA:48,1
DA:49,1
DA:50,1
DA:51,1
DA:52,1
DA:53,1
DA:54,1
DA:55,1
DA:56,1
DA:57,1
DA:58,1
DA:59,1
DA:60,1
DA:61,1
DA:62,1
DA:63,1
DA:64,1
DA:65,1
DA:66,1
DA:67,1
DA:68,1
DA:69,1
DA:70,1
DA:71,1
DA:72,1
DA:73,1
DA:74,1
DA:75,1
DA:76,1
DA:77,1
DA:78,1
DA:79,1
DA:80,1
DA:81,1
DA:82,1
DA:83,1
DA:84,1
DA:85,1
DA:86,1
DA:87,1
DA:88,1
DA:89,1
DA:90,1
DA:91,1
DA:92,1
DA:93,1
DA:94,1
DA:95,1
DA:96,1
DA:97,1
DA:98,1
DA:99,1
DA:100,1
DA:101,1
DA:102,1
DA:103,1
DA:104,1
DA:105,1
DA:106,1
DA:107,1
DA:108,1
DA:109,1
DA:110,1
DA:111,1
DA:112,1
DA:113,1
DA:114,1
DA:115,1
DA:116,1
DA:117,1
DA:118,1
DA:119,1
DA:120,1
DA:121,1
DA:122,1
DA:123,1
DA:124,1
DA:125,1
DA:126,1
DA:127,1
DA:128,1
DA:129,1
DA:130,1
DA:131,1
DA:132,1
DA:133,1
DA:134,1
DA:135,1
DA:136,1
DA:137,1
DA:138,1
DA:139,1
DA:140,1
DA:141,1
DA:142,1
DA:143,1
DA:144,1
DA:145,1
DA:146,1
DA:147,1
DA:148,1
DA:149,1
DA:150,1
DA:151,1
DA:152,1
DA:153,1
DA:154,1
DA:155,1
DA:156,1
DA:157,1
DA:158,1
DA:159,1
DA:160,1
DA:161,1
DA:162,1
DA:163,1
DA:164,1
DA:165,1
DA:166,1
DA:167,1
DA:168,1
DA:169,1
DA:170,1
DA:171,1
DA:172,1
DA:173,1
DA:174,1
DA:175,1
DA:176,1
DA:177,1
DA:178,1
DA:179,1
DA:180,1
DA:181,1
DA:182,1
DA:183,1
DA:184,1
DA:185,1
DA:186,1
DA:187,1
DA:188,1
DA:189,1
DA:190,1
DA:191,1
DA:192,1
DA:193,1
DA:194,1
DA:195,1
DA:196,1
DA:197,1
DA:198,1
DA:199,1
DA:200,1
DA:201,1
DA:202,1
DA:203,1
DA:204,1
DA:205,1
DA:206,1
DA:207,1
DA:208,1
DA:209,1
DA:210,1
DA:211,1
DA:212,1
DA:213,1
DA:214,1
DA:215,1
DA:216,1
DA:217,1
DA:218,1
DA:219,1
DA:220,1
DA:221,1
DA:222,1
DA:223,1
DA:224,1
DA:225,1
DA:226,1
DA:227,1
DA:228,1
DA:229,1
DA:230,1
DA:231,1
DA:232,1
DA:233,1
DA:234,1
DA:235,1
DA:236,1
DA:237,1
DA:238,1
DA:239,1
DA:240,1
DA:241,1
DA:242,1
DA:243,1
DA:244,1
DA:245,1
DA:246,1
DA:247,1
DA:248,1
DA:249,1
DA:250,1
DA:251,1
DA:252,1
DA:253,1
DA:254,1
DA:255,1
DA:256,1
DA:257,1
DA:258,1
DA:259,1
DA:260,1
DA:261,1
DA:262,1
DA:263,1
DA:264,1
DA:265,1
DA:266,1
DA:267,1
DA:268,1
DA:269,1
DA:270,1
DA:271,1
DA:272,1
DA:273,1
DA:274,1
DA:275,1
DA:276,1
DA:277,1
DA:278,1
DA:279,1
DA:280,1
DA:281,1
DA:282,1
DA:283,1
DA:284,1
DA:285,1
DA:286,1
DA:287,1
DA:288,1
DA:289,1
DA:290,1
DA:291,1
DA:292,1
DA:293,1
DA:294,1
DA:295,1
DA:296,1
DA:297,1
DA:298,1
DA:299,1
DA:300,1
DA:301,1
DA:302,1
DA:303,1
DA:304,1
DA:305,1
DA:306,1
DA:307,1
DA:308,1
DA:309,1
DA:310,1
DA:311,1
DA:312,1
DA:313,1
DA:314,1
DA:315,1
DA:316,1
DA:317,1
DA:318,1
DA:319,1
DA:320,1
DA:321,1
DA:322,1
DA:323,1
DA:324,1
DA:325,1
DA:326,1
DA:327,1
DA:328,1
DA:329,1
DA:330,1
DA:331,1
DA:332,1
DA:333,1
DA:334,1
DA:335,1
DA:336,1
DA:337,1
DA:338,1
DA:339,1
DA:340,1
DA:341,1
DA:342,1
DA:343,1
DA:344,1
DA:345,1
DA:346,1
DA:347,1
DA:348,1
DA:349,1
DA:350,1
DA:351,1
DA:352,1
DA:353,1
DA:354,1
DA:355,1
DA:356,1
DA:357,1
DA:358,1
DA:359,1
DA:360,1
DA:361,1
DA:362,1
DA:363,1
DA:364,1
DA:365,1
DA:366,1
DA:367,1
DA:368,1
DA:369,1
DA:370,1
DA:371,1
DA:372,1
DA:373,1
DA:374,1
DA:375,1
DA:376,1
DA:377,1
DA:378,1
DA:379,1
DA:380,1
DA:381,1
DA:382,1
DA:383,1
DA:384,1
DA:385,1
DA:386,1
DA:387,0
DA:388,0
DA:389,0
DA:390,0
DA:391,0
DA:392,0
DA:393,0
DA:394,0
DA:395,0
DA:396,0
DA:397,0
DA:398,0
DA:399,0
DA:400,1
DA:401,1
DA:402,1
DA:403,0
DA:404,0
DA:405,0
DA:406,0
DA:407,0
DA:408,0
DA:409,0
DA:410,0
DA:411,0
DA:412,0
DA:413,1
DA:414,1
LF:414
LH:391
BRF:0
BRH:0
end_of_record
