TN:
SF:src\pages\auth\Login.jsx
FN:26,LoginPage
FN:43,handleInputChange
FN:52,handleSubmit
FN:93,handleGoogleLogin
FN:118,handlePhoneLoginSuccess
FN:143,fillDemoAccount
FN:174,onClick
FN:210,onClick
FN:254,onClick
FN:349,onClick
FN:378,onClick
FN:414,onClose
FNF:12
FNH:10
FNDA:329,LoginPage
FNDA:287,handleInputChange
FNDA:9,handleSubmit
FNDA:4,handleGoogleLogin
FNDA:0,handlePhoneLoginSuccess
FNDA:2,fillDemoAccount
FNDA:1,onClick
FNDA:1,onClick
FNDA:1,onClick
FNDA:2,onClick
FNDA:2,onClick
FNDA:0,onClose
DA:1,1
DA:2,1
DA:3,1
DA:4,1
DA:5,1
DA:6,1
DA:7,1
DA:8,1
DA:9,1
DA:10,1
DA:11,1
DA:12,1
DA:13,1
DA:14,1
DA:15,1
DA:16,1
DA:17,1
DA:18,1
DA:19,1
DA:20,1
DA:21,1
DA:22,1
DA:23,1
DA:24,1
DA:25,1
DA:26,1
DA:27,329
DA:28,329
DA:29,329
DA:30,329
DA:31,329
DA:32,329
DA:33,329
DA:34,329
DA:35,329
DA:36,329
DA:37,329
DA:38,329
DA:39,329
DA:40,329
DA:41,329
DA:42,329
DA:43,329
DA:44,287
DA:45,287
DA:46,287
DA:47,287
DA:48,287
DA:49,287
DA:50,287
DA:51,329
DA:52,329
DA:53,9
DA:54,9
DA:55,9
DA:56,9
DA:57,7
DA:58,7
DA:59,7
DA:60,7
DA:61,7
DA:62,7
DA:63,7
DA:64,7
DA:65,7
DA:66,7
DA:67,7
DA:68,2
DA:69,2
DA:70,7
DA:71,7
DA:72,7
DA:73,7
DA:74,7
DA:75,7
DA:76,7
DA:77,7
DA:78,0
DA:79,0
DA:80,7
DA:81,0
DA:82,0
DA:83,7
DA:84,1
DA:85,1
DA:86,7
DA:87,6
DA:88,7
DA:89,7
DA:90,9
DA:91,329
DA:92,329
DA:93,329
DA:94,4
DA:95,4
DA:96,4
DA:97,4
DA:98,1
DA:99,1
DA:100,1
DA:101,1
DA:102,1
DA:103,1
DA:104,1
DA:105,4
DA:106,2
DA:107,2
DA:108,2
DA:109,1
DA:110,1
DA:111,1
DA:112,1
DA:113,4
DA:114,4
DA:115,4
DA:116,4
DA:117,329
DA:118,329
DA:119,0
DA:120,0
DA:121,329
DA:122,329
DA:123,329
DA:124,329
DA:125,329
DA:126,329
DA:127,329
DA:128,329
DA:129,329
DA:130,329
DA:131,329
DA:132,329
DA:133,329
DA:134,329
DA:135,329
DA:136,329
DA:137,329
DA:138,329
DA:139,329
DA:140,329
DA:141,329
DA:142,329
DA:143,329
DA:144,2
DA:145,2
DA:146,2
DA:147,2
DA:148,2
DA:149,2
DA:150,329
DA:151,329
DA:152,329
DA:153,329
DA:154,329
DA:155,329
DA:156,329
DA:157,329
DA:158,329
DA:159,329
DA:160,329
DA:161,329
DA:162,329
DA:163,329
DA:164,329
DA:165,329
DA:166,329
DA:167,329
DA:168,329
DA:169,329
DA:170,329
DA:171,329
DA:172,329
DA:173,329
DA:174,329
DA:175,329
DA:176,329
DA:177,329
DA:178,329
DA:179,329
DA:180,329
DA:181,329
DA:182,329
DA:183,329
DA:184,329
DA:185,329
DA:186,329
DA:187,329
DA:188,329
DA:189,329
DA:190,329
DA:191,329
DA:192,329
DA:193,329
DA:194,329
DA:195,329
DA:196,329
DA:197,329
DA:198,329
DA:199,329
DA:200,329
DA:201,329
DA:202,329
DA:203,329
DA:204,329
DA:205,329
DA:206,329
DA:207,329
DA:208,329
DA:209,329
DA:210,329
DA:211,329
DA:212,329
DA:213,329
DA:214,329
DA:215,329
DA:216,329
DA:217,329
DA:218,329
DA:219,329
DA:220,329
DA:221,329
DA:222,329
DA:223,329
DA:224,329
DA:225,329
DA:226,329
DA:227,329
DA:228,329
DA:229,329
DA:230,329
DA:231,329
DA:232,329
DA:233,329
DA:234,329
DA:235,329
DA:236,329
DA:237,329
DA:238,329
DA:239,329
DA:240,329
DA:241,329
DA:242,329
DA:243,329
DA:244,329
DA:245,329
DA:246,329
DA:247,329
DA:248,329
DA:249,329
DA:250,329
DA:251,329
DA:252,329
DA:253,329
DA:254,329
DA:255,329
DA:256,329
DA:257,329
DA:258,329
DA:259,329
DA:260,329
DA:261,329
DA:262,329
DA:263,329
DA:264,329
DA:265,329
DA:266,329
DA:267,329
DA:268,0
DA:269,0
DA:270,0
DA:271,329
DA:272,329
DA:273,329
DA:274,329
DA:275,329
DA:276,329
DA:277,329
DA:278,329
DA:279,329
DA:280,329
DA:281,329
DA:282,329
DA:283,329
DA:284,329
DA:285,329
DA:286,329
DA:287,329
DA:288,329
DA:289,329
DA:290,329
DA:291,329
DA:292,329
DA:293,329
DA:294,329
DA:295,329
DA:296,329
DA:297,329
DA:298,329
DA:299,329
DA:300,329
DA:301,329
DA:302,329
DA:303,329
DA:304,329
DA:305,329
DA:306,329
DA:307,329
DA:308,329
DA:309,329
DA:310,329
DA:311,329
DA:312,329
DA:313,329
DA:314,329
DA:315,329
DA:316,329
DA:317,329
DA:318,329
DA:319,329
DA:320,329
DA:321,329
DA:322,329
DA:323,4
DA:324,325
DA:325,325
DA:326,329
DA:327,329
DA:328,329
DA:329,329
DA:330,329
DA:331,329
DA:332,329
DA:333,329
DA:334,329
DA:335,329
DA:336,329
DA:337,329
DA:338,329
DA:339,329
DA:340,329
DA:341,329
DA:342,329
DA:343,329
DA:344,329
DA:345,329
DA:346,329
DA:347,329
DA:348,329
DA:349,329
DA:350,329
DA:351,329
DA:352,329
DA:353,329
DA:354,329
DA:355,329
DA:356,329
DA:357,329
DA:358,329
DA:359,329
DA:360,329
DA:361,329
DA:362,329
DA:363,329
DA:364,329
DA:365,329
DA:366,329
DA:367,329
DA:368,329
DA:369,329
DA:370,329
DA:371,329
DA:372,329
DA:373,329
DA:374,987
DA:375,987
DA:376,987
DA:377,987
DA:378,987
DA:379,987
DA:380,987
DA:381,987
DA:382,987
DA:383,987
DA:384,987
DA:385,987
DA:386,987
DA:387,987
DA:388,987
DA:389,987
DA:390,987
DA:391,987
DA:392,987
DA:393,987
DA:394,987
DA:395,987
DA:396,987
DA:397,987
DA:398,987
DA:399,987
DA:400,987
DA:401,329
DA:402,329
DA:403,329
DA:404,329
DA:405,329
DA:406,329
DA:407,329
DA:408,329
DA:409,329
DA:410,329
DA:411,329
DA:412,329
DA:413,329
DA:414,329
DA:415,329
DA:416,329
DA:417,329
DA:418,329
DA:419,329
DA:420,1
DA:421,1
LF:421
LH:412
BRDA:26,0,0,329
BRDA:245,1,0,1
BRDA:245,2,0,328
BRDA:259,3,0,1
BRDA:259,4,0,328
BRDA:267,5,0,0
BRDA:279,6,0,0
BRDA:282,7,0,0
BRDA:322,8,0,4
BRDA:323,9,0,325
BRDA:329,10,0,325
BRDA:43,11,0,287
BRDA:49,12,0,0
BRDA:45,13,0,287
BRDA:52,14,0,9
BRDA:56,15,0,7
BRDA:60,16,0,0
BRDA:65,17,0,5
BRDA:66,18,0,1
BRDA:66,19,0,4
BRDA:66,20,0,0
BRDA:66,21,0,4
BRDA:66,22,0,0
BRDA:67,23,0,2
BRDA:73,24,0,1
BRDA:77,25,0,0
BRDA:80,26,0,0
BRDA:83,27,0,1
BRDA:86,28,0,6
BRDA:93,29,0,4
BRDA:96,30,0,2
BRDA:97,31,0,1
BRDA:97,32,0,1
BRDA:105,33,0,2
BRDA:108,34,0,1
BRDA:113,35,0,3
BRDA:94,36,0,4
BRDA:114,37,0,4
BRDA:143,38,0,2
BRDA:148,39,0,0
BRDA:174,40,0,1
BRDA:210,41,0,1
BRDA:254,42,0,1
BRDA:349,43,0,2
BRDA:373,44,0,987
BRDA:378,45,0,2
BRF:46
BRH:36
end_of_record
TN:
SF:src\store\authStore.js
FN:7,__vite_ssr_import_0__.create.__vite_ssr_import_1__.persist.name
FN:15,login
FN:59,register
FN:98,socialRegister
FN:128,logout
FN:150,clearError
FN:154,updateProfile
FN:167,isAdmin
FN:168,isStaff
FN:169,isCustomer
FN:175,getItem
FN:179,setItem
FN:182,removeItem
FN:186,partialize
FNF:14
FNH:12
FNDA:1,__vite_ssr_import_0__.create.__vite_ssr_import_1__.persist.name
FNDA:5,login
FNDA:1,register
FNDA:0,socialRegister
FNDA:10,logout
FNDA:1,clearError
FNDA:1,updateProfile
FNDA:1,isAdmin
FNDA:1,isStaff
FNDA:1,isCustomer
FNDA:1,getItem
FNDA:34,setItem
FNDA:0,removeItem
FNDA:34,partialize
DA:1,1
DA:2,1
DA:3,1
DA:4,1
DA:5,1
DA:6,1
DA:7,1
DA:8,1
DA:9,1
DA:10,1
DA:11,1
DA:12,1
DA:13,1
DA:14,1
DA:15,1
DA:16,5
DA:17,5
DA:18,5
DA:19,5
DA:20,5
DA:21,3
DA:22,3
DA:23,3
DA:24,3
DA:25,3
DA:26,3
DA:27,3
DA:28,3
DA:29,3
DA:30,3
DA:31,3
DA:32,5
DA:33,1
DA:34,1
DA:35,3
DA:36,3
DA:37,3
DA:38,3
DA:39,3
DA:40,3
DA:41,3
DA:42,3
DA:43,3
DA:44,3
DA:45,3
DA:46,3
DA:47,3
DA:48,3
DA:49,5
DA:50,2
DA:51,2
DA:52,2
DA:53,2
DA:54,2
DA:55,2
DA:56,2
DA:57,1
DA:58,1
DA:59,1
DA:60,1
DA:61,1
DA:62,1
DA:63,1
DA:64,1
DA:65,1
DA:66,1
DA:67,1
DA:68,1
DA:69,1
DA:70,1
DA:71,1
DA:72,1
DA:73,1
DA:74,1
DA:75,1
DA:76,1
DA:77,1
DA:78,1
DA:79,1
DA:80,1
DA:81,1
DA:82,1
DA:83,1
DA:84,1
DA:85,1
DA:86,1
DA:87,1
DA:88,1
DA:89,0
DA:90,0
DA:91,1
DA:92,0
DA:93,0
DA:94,0
DA:95,0
DA:96,1
DA:97,1
DA:98,1
DA:99,0
DA:100,0
DA:101,0
DA:102,0
DA:103,0
DA:104,0
DA:105,0
DA:106,0
DA:107,0
DA:108,0
DA:109,0
DA:110,0
DA:111,0
DA:112,0
DA:113,0
DA:114,0
DA:115,0
DA:116,0
DA:117,0
DA:118,0
DA:119,0
DA:120,0
DA:121,0
DA:122,0
DA:123,0
DA:124,0
DA:125,0
DA:126,1
DA:127,1
DA:128,1
DA:129,10
DA:130,10
DA:131,10
DA:132,10
DA:133,10
DA:134,0
DA:135,0
DA:136,10
DA:137,10
DA:138,10
DA:139,10
DA:140,10
DA:141,10
DA:142,10
DA:143,10
DA:144,10
DA:145,10
DA:146,10
DA:147,10
DA:148,1
DA:149,1
DA:150,1
DA:151,1
DA:152,1
DA:153,1
DA:154,1
DA:155,1
DA:156,1
DA:157,1
DA:158,1
DA:159,1
DA:160,1
DA:161,1
DA:162,1
DA:163,1
DA:164,1
DA:165,1
DA:166,1
DA:167,1
DA:168,1
DA:169,1
DA:170,1
DA:171,1
DA:172,1
DA:173,1
DA:174,1
DA:175,1
DA:176,1
DA:177,1
DA:178,1
DA:179,1
DA:180,34
DA:181,1
DA:182,1
DA:183,0
DA:184,1
DA:185,1
DA:186,1
DA:187,34
DA:188,34
DA:189,1
DA:190,1
DA:191,1
DA:192,1
DA:193,1
DA:194,1
LF:194
LH:158
BRDA:7,0,0,1
BRDA:15,1,0,5
BRDA:21,2,0,3
BRDA:32,3,0,1
BRDA:35,4,0,3
BRDA:49,5,0,2
BRDA:51,6,0,1
BRDA:51,7,0,1
BRDA:52,8,0,0
BRDA:59,9,0,1
BRDA:88,10,0,0
BRDA:91,11,0,0
BRDA:128,12,0,10
BRDA:133,13,0,0
BRDA:150,14,0,1
BRDA:154,15,0,1
BRDA:167,16,0,1
BRDA:168,17,0,1
BRDA:169,18,0,1
BRDA:175,19,0,1
BRDA:177,20,0,0
BRDA:179,21,0,34
BRDA:186,22,0,34
BRF:23
BRH:18
end_of_record
TN:
SF:src\store\bookingStore.js
FN:5,normalizeTimestamp
FN:11,calculateDurationMinutes
FN:19,addMinutes
FN:27,mapApiBookingToStore
FN:103,__vite_ssr_import_0__.create.__vite_ssr_import_1__.persist.name
FN:114,fetchBookings
FN:143,createBooking
FN:290,updateBookingStatus
FN:324,cancelBooking
FN:347,completeBooking
FN:395,scanQRCode
FN:417,startCharging
FN:458,updateSOC
FN:471,initializeSOCTracking
FN:487,updateChargingProgress
FN:545,getSOCProgress
FN:550,getChargingSession
FN:554,stopCharging
FN:569,getCurrentBooking
FN:579,getBookingsByStatus
FN:584,getUpcomingBookings
FN:602,getScheduledBookings
FN:609,getPastBookings
FN:619,clearCurrentBooking
FN:624,resetFlowState
FN:633,setLoading
FN:637,setError
FN:641,clearError
FN:646,getBookingStats
FN:704,partialize
FNF:30
FNH:25
FNDA:10,normalizeTimestamp
FNDA:2,calculateDurationMinutes
FNDA:0,addMinutes
FNDA:2,mapApiBookingToStore
FNDA:1,__vite_ssr_import_0__.create.__vite_ssr_import_1__.persist.name
FNDA:3,fetchBookings
FNDA:12,createBooking
FNDA:28,updateBookingStatus
FNDA:5,cancelBooking
FNDA:4,completeBooking
FNDA:5,scanQRCode
FNDA:6,startCharging
FNDA:3,updateSOC
FNDA:4,initializeSOCTracking
FNDA:6,updateChargingProgress
FNDA:1,getSOCProgress
FNDA:1,getChargingSession
FNDA:3,stopCharging
FNDA:1,getCurrentBooking
FNDA:1,getBookingsByStatus
FNDA:0,getUpcomingBookings
FNDA:1,getScheduledBookings
FNDA:0,getPastBookings
FNDA:1,clearCurrentBooking
FNDA:0,resetFlowState
FNDA:2,setLoading
FNDA:1,setError
FNDA:1,clearError
FNDA:0,getBookingStats
FNDA:94,partialize
DA:1,1
DA:2,1
DA:3,1
DA:4,1
DA:5,1
DA:6,10
DA:7,10
DA:8,10
DA:9,10
DA:10,1
DA:11,1
DA:12,2
DA:13,0
DA:14,0
DA:15,2
DA:16,0
DA:17,0
DA:18,1
DA:19,1
DA:20,0
DA:21,0
DA:22,0
DA:23,0
DA:24,0
DA:25,0
DA:26,1
DA:27,1
DA:28,2
DA:29,2
DA:30,2
DA:31,2
DA:32,2
DA:33,2
DA:34,2
DA:35,2
DA:36,2
DA:37,2
DA:38,2
DA:39,2
DA:40,2
DA:41,2
DA:42,2
DA:43,2
DA:44,2
DA:45,2
DA:46,2
DA:47,2
DA:48,2
DA:49,2
DA:50,2
DA:51,2
DA:52,2
DA:53,2
DA:54,2
DA:55,2
DA:56,2
DA:57,2
DA:58,2
DA:59,2
DA:60,2
DA:61,2
DA:62,2
DA:63,2
DA:64,2
DA:65,2
DA:66,2
DA:67,2
DA:68,2
DA:69,2
DA:70,2
DA:71,2
DA:72,2
DA:73,2
DA:74,2
DA:75,2
DA:76,2
DA:77,2
DA:78,2
DA:79,2
DA:80,2
DA:81,2
DA:82,2
DA:83,2
DA:84,2
DA:85,2
DA:86,2
DA:87,2
DA:88,2
DA:89,2
DA:90,2
DA:91,2
DA:92,2
DA:93,2
DA:94,2
DA:95,2
DA:96,2
DA:97,2
DA:98,2
DA:99,2
DA:100,1
DA:101,1
DA:102,1
DA:103,1
DA:104,1
DA:105,1
DA:106,1
DA:107,1
DA:108,1
DA:109,1
DA:110,1
DA:111,1
DA:112,1
DA:113,1
DA:114,1
DA:115,3
DA:116,3
DA:117,3
DA:118,3
DA:119,3
DA:120,3
DA:121,3
DA:122,3
DA:123,1
DA:124,1
DA:125,1
DA:126,3
DA:127,3
DA:128,3
DA:129,3
DA:130,3
DA:131,3
DA:132,3
DA:133,3
DA:134,3
DA:135,3
DA:136,1
DA:137,1
DA:138,1
DA:139,1
DA:140,1
DA:141,1
DA:142,1
DA:143,1
DA:144,12
DA:145,12
DA:146,12
DA:147,12
DA:148,12
DA:149,12
DA:150,12
DA:151,12
DA:152,12
DA:153,12
DA:154,12
DA:155,12
DA:156,12
DA:157,12
DA:158,12
DA:159,12
DA:160,3
DA:161,3
DA:162,3
DA:163,3
DA:164,3
DA:165,12
DA:166,12
DA:167,12
DA:168,3
DA:169,3
DA:170,3
DA:171,3
DA:172,12
DA:173,12
DA:174,12
DA:175,11
DA:176,11
DA:177,11
DA:178,12
DA:179,12
DA:180,12
DA:181,12
DA:182,12
DA:183,12
DA:184,12
DA:185,12
DA:186,12
DA:187,12
DA:188,12
DA:189,12
DA:190,12
DA:191,12
DA:192,12
DA:193,12
DA:194,12
DA:195,12
DA:196,12
DA:197,12
DA:198,12
DA:199,12
DA:200,12
DA:201,12
DA:202,12
DA:203,12
DA:204,12
DA:205,12
DA:206,12
DA:207,12
DA:208,12
DA:209,12
DA:210,12
DA:211,12
DA:212,7
DA:213,12
DA:214,5
DA:215,5
DA:216,5
DA:217,4
DA:218,4
DA:219,4
DA:220,1
DA:221,1
DA:222,1
DA:223,4
DA:224,5
DA:225,12
DA:226,12
DA:227,12
DA:228,12
DA:229,12
DA:230,12
DA:231,12
DA:232,12
DA:233,12
DA:234,12
DA:235,12
DA:236,12
DA:237,12
DA:238,12
DA:239,12
DA:240,12
DA:241,12
DA:242,12
DA:243,12
DA:244,12
DA:245,3
DA:246,3
DA:247,3
DA:248,3
DA:249,3
DA:250,12
DA:251,12
DA:252,12
DA:253,12
DA:254,12
DA:255,12
DA:256,12
DA:257,12
DA:258,12
DA:259,9
DA:260,9
DA:261,9
DA:262,9
DA:263,9
DA:264,9
DA:265,9
DA:266,12
DA:267,12
DA:268,12
DA:269,12
DA:270,12
DA:271,12
DA:272,12
DA:273,12
DA:274,12
DA:275,12
DA:276,12
DA:277,12
DA:278,12
DA:279,12
DA:280,12
DA:281,12
DA:282,12
DA:283,12
DA:284,12
DA:285,12
DA:286,12
DA:287,12
DA:288,1
DA:289,1
DA:290,1
DA:291,28
DA:292,28
DA:293,60
DA:294,60
DA:295,19
DA:296,19
DA:297,19
DA:298,19
DA:299,19
DA:300,60
DA:301,28
DA:302,28
DA:303,77
DA:304,77
DA:305,5
DA:306,5
DA:307,5
DA:308,5
DA:309,5
DA:310,77
DA:311,28
DA:312,28
DA:313,28
DA:314,28
DA:315,8
DA:316,8
DA:317,8
DA:318,8
DA:319,8
DA:320,28
DA:321,28
DA:322,1
DA:323,1
DA:324,1
DA:325,5
DA:326,5
DA:327,5
DA:328,4
DA:329,4
DA:330,2
DA:331,2
DA:332,3
DA:333,3
DA:334,3
DA:335,3
DA:336,3
DA:337,5
DA:338,2
DA:339,2
DA:340,2
DA:341,2
DA:342,2
DA:343,2
DA:344,2
DA:345,1
DA:346,1
DA:347,1
DA:348,4
DA:349,4
DA:350,4
DA:351,4
DA:352,4
DA:353,4
DA:354,4
DA:355,4
DA:356,0
DA:357,0
DA:358,0
DA:359,0
DA:360,0
DA:361,0
DA:362,0
DA:363,0
DA:364,0
DA:365,0
DA:366,0
DA:367,0
DA:368,0
DA:369,0
DA:370,0
DA:371,0
DA:372,0
DA:373,0
DA:374,4
DA:375,1
DA:376,1
DA:377,4
DA:378,4
DA:379,4
DA:380,4
DA:381,4
DA:382,4
DA:383,4
DA:384,0
DA:385,0
DA:386,0
DA:387,0
DA:388,0
DA:389,0
DA:390,0
DA:391,0
DA:392,1
DA:393,1
DA:394,1
DA:395,1
DA:396,5
DA:397,5
DA:398,5
DA:399,5
DA:400,1
DA:401,1
DA:402,4
DA:403,5
DA:404,1
DA:405,1
DA:406,3
DA:407,3
DA:408,3
DA:409,3
DA:410,3
DA:411,3
DA:412,3
DA:413,3
DA:414,3
DA:415,1
DA:416,1
DA:417,1
DA:418,6
DA:419,6
DA:420,6
DA:421,6
DA:422,6
DA:423,3
DA:424,3
DA:425,3
DA:426,3
DA:427,6
DA:428,2
DA:429,2
DA:430,2
DA:431,2
DA:432,2
DA:433,3
DA:434,3
DA:435,3
DA:436,3
DA:437,3
DA:438,3
DA:439,3
DA:440,3
DA:441,3
DA:442,3
DA:443,3
DA:444,3
DA:445,3
DA:446,3
DA:447,3
DA:448,3
DA:449,3
DA:450,3
DA:451,3
DA:452,3
DA:453,3
DA:454,3
DA:455,1
DA:456,1
DA:457,1
DA:458,1
DA:459,3
DA:460,3
DA:461,3
DA:462,3
DA:463,3
DA:464,3
DA:465,3
DA:466,3
DA:467,3
DA:468,3
DA:469,1
DA:470,1
DA:471,1
DA:472,4
DA:473,4
DA:474,4
DA:475,4
DA:476,4
DA:477,4
DA:478,4
DA:479,4
DA:480,4
DA:481,4
DA:482,4
DA:483,4
DA:484,4
DA:485,1
DA:486,1
DA:487,1
DA:488,6
DA:489,6
DA:490,6
DA:491,6
DA:492,6
DA:493,6
DA:494,6
DA:495,6
DA:496,6
DA:497,6
DA:498,6
DA:499,6
DA:500,6
DA:501,6
DA:502,4
DA:503,4
DA:504,4
DA:505,4
DA:506,4
DA:507,4
DA:508,6
DA:509,6
DA:510,6
DA:511,6
DA:512,6
DA:513,6
DA:514,6
DA:515,6
DA:516,6
DA:517,6
DA:518,6
DA:519,6
DA:520,6
DA:521,6
DA:522,6
DA:523,1
DA:524,1
DA:525,1
DA:526,1
DA:527,1
DA:528,1
DA:529,1
DA:530,1
DA:531,1
DA:532,6
DA:533,6
DA:534,6
DA:535,6
DA:536,6
DA:537,6
DA:538,6
DA:539,6
DA:540,6
DA:541,6
DA:542,6
DA:543,1
DA:544,1
DA:545,1
DA:546,1
DA:547,1
DA:548,1
DA:549,1
DA:550,1
DA:551,1
DA:552,1
DA:553,1
DA:554,1
DA:555,3
DA:556,3
DA:557,3
DA:558,3
DA:559,3
DA:560,3
DA:561,3
DA:562,3
DA:563,3
DA:564,3
DA:565,3
DA:566,3
DA:567,1
DA:568,1
DA:569,1
DA:570,1
DA:571,1
DA:572,1
DA:573,3
DA:574,3
DA:575,0
DA:576,1
DA:577,1
DA:578,1
DA:579,1
DA:580,1
DA:581,1
DA:582,1
DA:583,1
DA:584,1
DA:585,0
DA:586,0
DA:587,0
DA:588,0
DA:589,0
DA:590,0
DA:591,0
DA:592,0
DA:593,0
DA:594,0
DA:595,0
DA:596,0
DA:597,0
DA:598,0
DA:599,0
DA:600,1
DA:601,1
DA:602,1
DA:603,1
DA:604,1
DA:605,1
DA:606,1
DA:607,1
DA:608,1
DA:609,1
DA:610,0
DA:611,0
DA:612,0
DA:613,0
DA:614,0
DA:615,0
DA:616,0
DA:617,1
DA:618,1
DA:619,1
DA:620,1
DA:621,1
DA:622,1
DA:623,1
DA:624,1
DA:625,0
DA:626,0
DA:627,0
DA:628,0
DA:629,0
DA:630,0
DA:631,1
DA:632,1
DA:633,1
DA:634,2
DA:635,1
DA:636,1
DA:637,1
DA:638,1
DA:639,1
DA:640,1
DA:641,1
DA:642,1
DA:643,1
DA:644,1
DA:645,1
DA:646,1
DA:647,0
DA:648,0
DA:649,0
DA:650,0
DA:651,0
DA:652,0
DA:653,0
DA:654,0
DA:655,0
DA:656,0
DA:657,0
DA:658,0
DA:659,0
DA:660,0
DA:661,0
DA:662,0
DA:663,0
DA:664,0
DA:665,0
DA:666,0
DA:667,0
DA:668,0
DA:669,0
DA:670,0
DA:671,0
DA:672,0
DA:673,0
DA:674,0
DA:675,0
DA:676,0
DA:677,0
DA:678,0
DA:679,0
DA:680,0
DA:681,0
DA:682,0
DA:683,0
DA:684,0
DA:685,0
DA:686,0
DA:687,0
DA:688,0
DA:689,0
DA:690,0
DA:691,0
DA:692,0
DA:693,0
DA:694,0
DA:695,0
DA:696,0
DA:697,0
DA:698,0
DA:699,0
DA:700,1
DA:701,1
DA:702,1
DA:703,1
DA:704,1
DA:705,94
DA:706,94
DA:707,94
DA:708,1
DA:709,1
DA:710,1
DA:711,1
DA:712,1
DA:713,1
LF:713
LH:595
BRDA:5,0,0,10
BRDA:6,1,0,8
BRDA:7,2,0,2
BRDA:7,3,0,0
BRDA:7,4,0,2
BRDA:8,5,0,0
BRDA:8,6,0,2
BRDA:11,7,0,2
BRDA:12,8,0,0
BRDA:13,9,0,0
BRDA:15,10,0,0
BRDA:15,11,0,0
BRDA:27,12,0,2
BRDA:39,13,0,0
BRDA:61,14,0,0
BRDA:69,15,0,0
BRDA:103,16,0,1
BRDA:114,17,0,3
BRDA:118,18,0,2
BRDA:118,19,0,2
BRDA:118,20,0,0
BRDA:135,21,0,1
BRDA:136,22,0,0
BRDA:122,23,0,1
BRDA:123,24,0,0
BRDA:124,25,0,0
BRDA:143,26,0,12
BRDA:149,27,0,0
BRDA:159,28,0,3
BRDA:165,29,0,9
BRDA:167,30,0,3
BRDA:172,31,0,9
BRDA:174,32,0,11
BRDA:178,33,0,1
BRDA:183,34,0,0
BRDA:193,35,0,2
BRDA:193,36,0,10
BRDA:197,37,0,2
BRDA:198,38,0,10
BRDA:209,39,0,11
BRDA:209,40,0,5
BRDA:211,41,0,11
BRDA:211,42,0,7
BRDA:213,43,0,5
BRDA:216,44,0,4
BRDA:216,45,0,4
BRDA:219,46,0,1
BRDA:227,47,0,1
BRDA:231,48,0,10
BRDA:233,49,0,10
BRDA:235,50,0,11
BRDA:238,51,0,2
BRDA:239,52,0,10
BRDA:240,53,0,4
BRDA:245,54,0,3
BRDA:250,55,0,0
BRDA:252,56,0,0
BRDA:253,57,0,0
BRDA:254,58,0,2
BRDA:258,59,0,9
BRDA:261,60,0,1
BRDA:261,61,0,8
BRDA:269,62,0,12
BRDA:276,63,0,4
BRDA:277,64,0,4
BRDA:278,65,0,4
BRDA:290,66,0,28
BRDA:291,67,0,28
BRDA:313,68,0,20
BRDA:314,69,0,8
BRDA:320,70,0,20
BRDA:292,71,0,60
BRDA:294,72,0,19
BRDA:300,73,0,41
BRDA:302,74,0,77
BRDA:304,75,0,5
BRDA:310,76,0,72
BRDA:324,77,0,5
BRDA:327,78,0,4
BRDA:330,79,0,2
BRDA:332,80,0,3
BRDA:337,81,0,2
BRDA:326,82,0,5
BRDA:347,83,0,4
BRDA:355,84,0,2
BRDA:355,85,0,1
BRDA:355,86,0,0
BRDA:374,87,0,2
BRDA:374,88,0,1
BRDA:383,89,0,0
BRDA:349,90,0,4
BRDA:395,91,0,5
BRDA:399,92,0,1
BRDA:402,93,0,4
BRDA:403,94,0,2
BRDA:403,95,0,1
BRDA:406,96,0,3
BRDA:397,97,0,5
BRDA:417,98,0,6
BRDA:422,99,0,4
BRDA:422,100,0,3
BRDA:427,101,0,2
BRDA:433,102,0,3
BRDA:420,103,0,8
BRDA:441,104,0,3
BRDA:458,105,0,3
BRDA:459,106,0,3
BRDA:471,107,0,4
BRDA:472,108,0,4
BRDA:487,109,0,6
BRDA:501,110,0,5
BRDA:501,111,0,4
BRDA:501,112,0,4
BRDA:509,113,0,6
BRDA:521,114,0,3
BRDA:522,115,0,1
BRDA:532,116,0,5
BRDA:545,117,0,1
BRDA:547,118,0,0
BRDA:550,119,0,1
BRDA:554,120,0,3
BRDA:556,121,0,0
BRDA:558,122,0,3
BRDA:569,123,0,1
BRDA:572,124,0,3
BRDA:573,125,0,0
BRDA:574,126,0,0
BRDA:579,127,0,1
BRDA:581,128,0,3
BRDA:602,129,0,1
BRDA:605,130,0,3
BRDA:619,131,0,1
BRDA:633,132,0,2
BRDA:637,133,0,1
BRDA:641,134,0,1
BRDA:704,135,0,94
BRF:136
BRH:112
end_of_record
